<?xml version="1.0" encoding="UTF-8"?>
<!-- Generated by org.testng.reporters.JUnitReportReporter -->
<testsuite skipped="0" hostname="LAPTOP-N0G0NBDP" name="seleniumScripts.SearchBox" tests="1" failures="0" timestamp="21 Feb 2020 01:17:08 GMT" time="20.782" errors="0">
  <testcase name="search" time="20.782" classname="seleniumScripts.SearchBox"/>
</testsuite> <!-- seleniumScripts.SearchBox -->
