<?xml version="1.0" encoding="UTF-8"?>
<!-- Generated by org.testng.reporters.JUnitReportReporter -->
<testsuite skipped="0" hostname="LAPTOP-N0G0NBDP" name="seleniumScripts.DataDrivenTest" tests="4" failures="0" timestamp="26 Feb 2020 00:57:30 GMT" time="8.005" errors="0">
  <testcase name="wikipagedata" time="2.792" classname="seleniumScripts.DataDrivenTest"/>
  <testcase name="wikipagedata" time="1.916" classname="seleniumScripts.DataDrivenTest"/>
  <testcase name="wikipagedata" time="1.648" classname="seleniumScripts.DataDrivenTest"/>
  <testcase name="wikipagedata" time="1.649" classname="seleniumScripts.DataDrivenTest"/>
</testsuite> <!-- seleniumScripts.DataDrivenTest -->
