<?xml version="1.0" encoding="UTF-8"?>
<!-- Generated by org.testng.reporters.JUnitReportReporter -->
<testsuite skipped="0" hostname="LAPTOP-N0G0NBDP" name="seleniumScripts.Annotations" tests="3" failures="0" timestamp="18 Feb 2020 00:48:24 GMT" time="0.032" errors="0">
  <testcase name="delete" time="0.006" classname="seleniumScripts.Annotations"/>
  <testcase name="search" time="0.003" classname="seleniumScripts.Annotations"/>
  <testcase name="createmail" time="0.023" classname="seleniumScripts.Annotations"/>
</testsuite> <!-- seleniumScripts.Annotations -->
