<?xml version="1.0" encoding="UTF-8"?>
<!-- Generated by org.testng.reporters.JUnitReportReporter -->
<testsuite skipped="0" hostname="LAPTOP-N0G0NBDP" name="seleniumScripts.Practice" tests="1" failures="0" timestamp="19 Feb 2020 23:39:22 GMT" time="13.730" errors="0">
  <testcase name="IronSpider_radio" time="13.730" classname="seleniumScripts.Practice"/>
</testsuite> <!-- seleniumScripts.Practice -->
