<?xml version="1.0" encoding="UTF-8"?>
<!-- Generated by org.testng.reporters.JUnitReportReporter -->
<testsuite skipped="0" hostname="LAPTOP-N0G0NBDP" name="phase3.UploadFile" tests="1" failures="0" timestamp="11 Mar 2020 00:06:28 GMT" time="10.994" errors="0">
  <testcase name="uploadTest" time="10.994" classname="phase3.UploadFile"/>
</testsuite> <!-- phase3.UploadFile -->
