<?xml version="1.0" encoding="UTF-8"?>
<!-- Generated by org.testng.reporters.JUnitReportReporter -->
<testsuite skipped="0" hostname="LAPTOP-N0G0NBDP" name="seleniumScripts.Parameterization" tests="1" failures="0" timestamp="26 Feb 2020 00:18:16 GMT" time="4.045" errors="0">
  <testcase name="methodcall" time="4.045" classname="seleniumScripts.Parameterization"/>
</testsuite> <!-- seleniumScripts.Parameterization -->
