<?xml version="1.0" encoding="UTF-8"?>
<!-- Generated by org.testng.reporters.JUnitReportReporter -->
<testsuite skipped="0" hostname="LAPTOP-N0G0NBDP" name="seleniumScripts.CheckBox" tests="1" failures="0" timestamp="15 Feb 2020 00:49:27 GMT" time="20.408" errors="0">
  <testcase name="dropDownsMenu" time="20.408" classname="seleniumScripts.CheckBox"/>
</testsuite> <!-- seleniumScripts.CheckBox -->
