<?xml version="1.0" encoding="UTF-8"?>
<!-- Generated by org.testng.reporters.JUnitReportReporter -->
<testsuite skipped="0" hostname="LAPTOP-N0G0NBDP" name="seleniumScripts.DatDrivenTestPOI" tests="3" failures="0" timestamp="27 Feb 2020 00:32:10 GMT" time="4.628" errors="0">
  <testcase name="wikipagedata" time="1.815" classname="seleniumScripts.DatDrivenTestPOI"/>
  <testcase name="wikipagedata" time="1.348" classname="seleniumScripts.DatDrivenTestPOI"/>
  <testcase name="wikipagedata" time="1.465" classname="seleniumScripts.DatDrivenTestPOI"/>
</testsuite> <!-- seleniumScripts.DatDrivenTestPOI -->
